{"C:\\Users\\ASUS\\Documents\\Self_Development\\blog_slighty_techie\\index.js": {"path":"C:\\Users\\ASUS\\Documents\\Self_Development\\blog_slighty_techie\\index.js","statementMap":{"0":{"start":{"line":2,"column":16},"end":{"line":2,"column":34}},"1":{"start":{"line":3,"column":27},"end":{"line":3,"column":70}},"2":{"start":{"line":4,"column":0},"end":{"line":4,"column":27}},"3":{"start":{"line":5,"column":22},"end":{"line":5,"column":44}},"4":{"start":{"line":8,"column":13},"end":{"line":8,"column":37}},"5":{"start":{"line":11,"column":0},"end":{"line":11,"column":12}},"6":{"start":{"line":14,"column":19},"end":{"line":14,"column":49}},"7":{"start":{"line":15,"column":19},"end":{"line":15,"column":49}},"8":{"start":{"line":16,"column":19},"end":{"line":16,"column":49}},"9":{"start":{"line":19,"column":12},"end":{"line":19,"column":21}},"10":{"start":{"line":22,"column":18},"end":{"line":24,"column":1}},"11":{"start":{"line":23,"column":2},"end":{"line":23,"column":47}},"12":{"start":{"line":27,"column":0},"end":{"line":27,"column":43}},"13":{"start":{"line":30,"column":0},"end":{"line":30,"column":36}},"14":{"start":{"line":31,"column":0},"end":{"line":31,"column":37}},"15":{"start":{"line":32,"column":0},"end":{"line":32,"column":37}},"16":{"start":{"line":35,"column":0},"end":{"line":35,"column":28}},"17":{"start":{"line":38,"column":0},"end":{"line":43,"column":3}},"18":{"start":{"line":39,"column":2},"end":{"line":42,"column":5}},"19":{"start":{"line":46,"column":0},"end":{"line":46,"column":36}}},"fnMap":{"0":{"name":"(anonymous_0)","decl":{"start":{"line":22,"column":35},"end":{"line":22,"column":36}},"loc":{"start":{"line":23,"column":2},"end":{"line":23,"column":47}},"line":23},"1":{"name":"(anonymous_1)","decl":{"start":{"line":38,"column":13},"end":{"line":38,"column":14}},"loc":{"start":{"line":38,"column":27},"end":{"line":43,"column":1}},"line":38}},"branchMap":{"0":{"loc":{"start":{"line":8,"column":13},"end":{"line":8,"column":37}},"type":"binary-expr","locations":[{"start":{"line":8,"column":13},"end":{"line":8,"column":29}},{"start":{"line":8,"column":33},"end":{"line":8,"column":37}}],"line":8}},"s":{"0":2,"1":2,"2":2,"3":2,"4":2,"5":2,"6":2,"7":2,"8":2,"9":2,"10":2,"11":2,"12":2,"13":2,"14":2,"15":2,"16":2,"17":2,"18":0,"19":2},"f":{"0":2,"1":0},"b":{"0":[2,2]},"_coverageSchema":"1a1c01bbd47fc00a2c39e90264f33305004495a9","hash":"be844c47e961aa5ed1c01d645a4ba6bf757f9f94"}
,"C:\\Users\\ASUS\\Documents\\Self_Development\\blog_slighty_techie\\config\\db.js": {"path":"C:\\Users\\ASUS\\Documents\\Self_Development\\blog_slighty_techie\\config\\db.js","statementMap":{"0":{"start":{"line":2,"column":17},"end":{"line":2,"column":36}},"1":{"start":{"line":3,"column":18},"end":{"line":11,"column":1}},"2":{"start":{"line":4,"column":2},"end":{"line":10,"column":3}},"3":{"start":{"line":5,"column":4},"end":{"line":5,"column":50}},"4":{"start":{"line":6,"column":4},"end":{"line":6,"column":37}},"5":{"start":{"line":8,"column":4},"end":{"line":8,"column":31}},"6":{"start":{"line":9,"column":4},"end":{"line":9,"column":20}},"7":{"start":{"line":13,"column":16},"end":{"line":15,"column":1}},"8":{"start":{"line":14,"column":2},"end":{"line":14,"column":36}},"9":{"start":{"line":17,"column":0},"end":{"line":17,"column":40}}},"fnMap":{"0":{"name":"(anonymous_0)","decl":{"start":{"line":3,"column":18},"end":{"line":3,"column":19}},"loc":{"start":{"line":3,"column":30},"end":{"line":11,"column":1}},"line":3},"1":{"name":"(anonymous_1)","decl":{"start":{"line":13,"column":16},"end":{"line":13,"column":17}},"loc":{"start":{"line":13,"column":28},"end":{"line":15,"column":1}},"line":13}},"branchMap":{},"s":{"0":2,"1":2,"2":4,"3":4,"4":4,"5":0,"6":0,"7":2,"8":2,"9":2},"f":{"0":4,"1":2},"b":{},"_coverageSchema":"1a1c01bbd47fc00a2c39e90264f33305004495a9","hash":"f0aa87aa9a2b60c8177394740f0d6c3b5c10502b"}
,"C:\\Users\\ASUS\\Documents\\Self_Development\\blog_slighty_techie\\controllers\\authController.js": {"path":"C:\\Users\\ASUS\\Documents\\Self_Development\\blog_slighty_techie\\controllers\\authController.js","statementMap":{"0":{"start":{"line":1,"column":13},"end":{"line":1,"column":38}},"1":{"start":{"line":2,"column":15},"end":{"line":2,"column":34}},"2":{"start":{"line":7,"column":4},"end":{"line":7,"column":32}},"3":{"start":{"line":8,"column":16},"end":{"line":8,"column":34}},"4":{"start":{"line":9,"column":15},"end":{"line":11,"column":2}},"5":{"start":{"line":14,"column":17},"end":{"line":54,"column":1}},"6":{"start":{"line":15,"column":51},"end":{"line":15,"column":59}},"7":{"start":{"line":16,"column":2},"end":{"line":53,"column":3}},"8":{"start":{"line":18,"column":23},"end":{"line":18,"column":59}},"9":{"start":{"line":19,"column":4},"end":{"line":19,"column":28}},"10":{"start":{"line":20,"column":4},"end":{"line":25,"column":5}},"11":{"start":{"line":21,"column":6},"end":{"line":24,"column":9}},"12":{"start":{"line":28,"column":17},"end":{"line":28,"column":41}},"13":{"start":{"line":29,"column":27},"end":{"line":29,"column":60}},"14":{"start":{"line":32,"column":17},"end":{"line":37,"column":6}},"15":{"start":{"line":40,"column":4},"end":{"line":46,"column":7}},"16":{"start":{"line":48,"column":4},"end":{"line":48,"column":23}},"17":{"start":{"line":49,"column":4},"end":{"line":52,"column":7}},"18":{"start":{"line":57,"column":14},"end":{"line":101,"column":1}},"19":{"start":{"line":58,"column":30},"end":{"line":58,"column":38}},"20":{"start":{"line":59,"column":2},"end":{"line":100,"column":3}},"21":{"start":{"line":61,"column":23},"end":{"line":61,"column":59}},"22":{"start":{"line":62,"column":4},"end":{"line":93,"column":5}},"23":{"start":{"line":64,"column":32},"end":{"line":67,"column":7}},"24":{"start":{"line":68,"column":6},"end":{"line":86,"column":7}},"25":{"start":{"line":70,"column":22},"end":{"line":70,"column":51}},"26":{"start":{"line":72,"column":8},"end":{"line":79,"column":11}},"27":{"start":{"line":81,"column":8},"end":{"line":81,"column":43}},"28":{"start":{"line":82,"column":8},"end":{"line":85,"column":11}},"29":{"start":{"line":88,"column":6},"end":{"line":88,"column":42}},"30":{"start":{"line":89,"column":6},"end":{"line":92,"column":9}},"31":{"start":{"line":95,"column":4},"end":{"line":95,"column":24}},"32":{"start":{"line":96,"column":4},"end":{"line":99,"column":7}},"33":{"start":{"line":104,"column":0},"end":{"line":104,"column":37}}},"fnMap":{"0":{"name":"(anonymous_0)","decl":{"start":{"line":14,"column":17},"end":{"line":14,"column":18}},"loc":{"start":{"line":14,"column":43},"end":{"line":54,"column":1}},"line":14},"1":{"name":"(anonymous_1)","decl":{"start":{"line":57,"column":14},"end":{"line":57,"column":15}},"loc":{"start":{"line":57,"column":40},"end":{"line":101,"column":1}},"line":57}},"branchMap":{"0":{"loc":{"start":{"line":20,"column":4},"end":{"line":25,"column":5}},"type":"if","locations":[{"start":{"line":20,"column":4},"end":{"line":25,"column":5}},{"start":{},"end":{}}],"line":20},"1":{"loc":{"start":{"line":62,"column":4},"end":{"line":93,"column":5}},"type":"if","locations":[{"start":{"line":62,"column":4},"end":{"line":93,"column":5}},{"start":{"line":87,"column":11},"end":{"line":93,"column":5}}],"line":62},"2":{"loc":{"start":{"line":68,"column":6},"end":{"line":86,"column":7}},"type":"if","locations":[{"start":{"line":68,"column":6},"end":{"line":86,"column":7}},{"start":{"line":80,"column":13},"end":{"line":86,"column":7}}],"line":68}},"s":{"0":2,"1":2,"2":2,"3":2,"4":2,"5":2,"6":1,"7":1,"8":1,"9":1,"10":1,"11":0,"12":1,"13":1,"14":1,"15":1,"16":0,"17":0,"18":2,"19":1,"20":1,"21":1,"22":1,"23":1,"24":1,"25":1,"26":1,"27":0,"28":0,"29":0,"30":0,"31":0,"32":0,"33":2},"f":{"0":1,"1":1},"b":{"0":[0,1],"1":[1,0],"2":[1,0]},"_coverageSchema":"1a1c01bbd47fc00a2c39e90264f33305004495a9","hash":"f90e7ced81d93f2717a08cca45f6a38b337ae6f6"}
,"C:\\Users\\ASUS\\Documents\\Self_Development\\blog_slighty_techie\\controllers\\postController.js": {"path":"C:\\Users\\ASUS\\Documents\\Self_Development\\blog_slighty_techie\\controllers\\postController.js","statementMap":{"0":{"start":{"line":1,"column":13},"end":{"line":1,"column":38}},"1":{"start":{"line":2,"column":23},"end":{"line":2,"column":63}},"2":{"start":{"line":3,"column":23},"end":{"line":3,"column":63}},"3":{"start":{"line":6,"column":20},"end":{"line":28,"column":1}},"4":{"start":{"line":7,"column":2},"end":{"line":27,"column":3}},"5":{"start":{"line":8,"column":18},"end":{"line":8,"column":42}},"6":{"start":{"line":10,"column":4},"end":{"line":15,"column":5}},"7":{"start":{"line":11,"column":6},"end":{"line":14,"column":9}},"8":{"start":{"line":17,"column":4},"end":{"line":21,"column":7}},"9":{"start":{"line":23,"column":4},"end":{"line":26,"column":7}},"10":{"start":{"line":31,"column":20},"end":{"line":55,"column":1}},"11":{"start":{"line":32,"column":17},"end":{"line":32,"column":27}},"12":{"start":{"line":33,"column":2},"end":{"line":54,"column":3}},"13":{"start":{"line":35,"column":23},"end":{"line":35,"column":53}},"14":{"start":{"line":37,"column":4},"end":{"line":48,"column":5}},"15":{"start":{"line":38,"column":6},"end":{"line":42,"column":9}},"16":{"start":{"line":44,"column":6},"end":{"line":47,"column":9}},"17":{"start":{"line":50,"column":4},"end":{"line":53,"column":7}},"18":{"start":{"line":58,"column":19},"end":{"line":79,"column":1}},"19":{"start":{"line":59,"column":26},"end":{"line":59,"column":34}},"20":{"start":{"line":60,"column":17},"end":{"line":60,"column":27}},"21":{"start":{"line":61,"column":2},"end":{"line":78,"column":3}},"22":{"start":{"line":62,"column":20},"end":{"line":66,"column":6}},"23":{"start":{"line":67,"column":22},"end":{"line":67,"column":42}},"24":{"start":{"line":68,"column":4},"end":{"line":72,"column":7}},"25":{"start":{"line":74,"column":4},"end":{"line":77,"column":7}},"26":{"start":{"line":82,"column":19},"end":{"line":114,"column":1}},"27":{"start":{"line":83,"column":17},"end":{"line":83,"column":27}},"28":{"start":{"line":84,"column":26},"end":{"line":84,"column":34}},"29":{"start":{"line":85,"column":2},"end":{"line":113,"column":3}},"30":{"start":{"line":87,"column":23},"end":{"line":87,"column":53}},"31":{"start":{"line":88,"column":4},"end":{"line":107,"column":5}},"32":{"start":{"line":89,"column":26},"end":{"line":96,"column":14}},"33":{"start":{"line":97,"column":6},"end":{"line":101,"column":9}},"34":{"start":{"line":103,"column":6},"end":{"line":106,"column":9}},"35":{"start":{"line":109,"column":4},"end":{"line":112,"column":7}},"36":{"start":{"line":117,"column":19},"end":{"line":140,"column":1}},"37":{"start":{"line":118,"column":17},"end":{"line":118,"column":27}},"38":{"start":{"line":119,"column":2},"end":{"line":139,"column":3}},"39":{"start":{"line":121,"column":23},"end":{"line":121,"column":53}},"40":{"start":{"line":122,"column":4},"end":{"line":133,"column":5}},"41":{"start":{"line":123,"column":6},"end":{"line":123,"column":46}},"42":{"start":{"line":124,"column":6},"end":{"line":127,"column":9}},"43":{"start":{"line":129,"column":6},"end":{"line":132,"column":9}},"44":{"start":{"line":135,"column":4},"end":{"line":138,"column":7}},"45":{"start":{"line":142,"column":0},"end":{"line":148,"column":2}}},"fnMap":{"0":{"name":"(anonymous_0)","decl":{"start":{"line":6,"column":20},"end":{"line":6,"column":21}},"loc":{"start":{"line":6,"column":40},"end":{"line":28,"column":1}},"line":6},"1":{"name":"(anonymous_1)","decl":{"start":{"line":31,"column":20},"end":{"line":31,"column":21}},"loc":{"start":{"line":31,"column":40},"end":{"line":55,"column":1}},"line":31},"2":{"name":"(anonymous_2)","decl":{"start":{"line":58,"column":19},"end":{"line":58,"column":20}},"loc":{"start":{"line":58,"column":39},"end":{"line":79,"column":1}},"line":58},"3":{"name":"(anonymous_3)","decl":{"start":{"line":82,"column":19},"end":{"line":82,"column":20}},"loc":{"start":{"line":82,"column":39},"end":{"line":114,"column":1}},"line":82},"4":{"name":"(anonymous_4)","decl":{"start":{"line":117,"column":19},"end":{"line":117,"column":20}},"loc":{"start":{"line":117,"column":39},"end":{"line":140,"column":1}},"line":117}},"branchMap":{"0":{"loc":{"start":{"line":10,"column":4},"end":{"line":15,"column":5}},"type":"if","locations":[{"start":{"line":10,"column":4},"end":{"line":15,"column":5}},{"start":{},"end":{}}],"line":10},"1":{"loc":{"start":{"line":37,"column":4},"end":{"line":48,"column":5}},"type":"if","locations":[{"start":{"line":37,"column":4},"end":{"line":48,"column":5}},{"start":{"line":43,"column":11},"end":{"line":48,"column":5}}],"line":37},"2":{"loc":{"start":{"line":88,"column":4},"end":{"line":107,"column":5}},"type":"if","locations":[{"start":{"line":88,"column":4},"end":{"line":107,"column":5}},{"start":{"line":102,"column":11},"end":{"line":107,"column":5}}],"line":88},"3":{"loc":{"start":{"line":122,"column":4},"end":{"line":133,"column":5}},"type":"if","locations":[{"start":{"line":122,"column":4},"end":{"line":133,"column":5}},{"start":{"line":128,"column":11},"end":{"line":133,"column":5}}],"line":122}},"s":{"0":2,"1":2,"2":2,"3":2,"4":0,"5":0,"6":0,"7":0,"8":0,"9":0,"10":2,"11":0,"12":0,"13":0,"14":0,"15":0,"16":0,"17":0,"18":2,"19":0,"20":0,"21":0,"22":0,"23":0,"24":0,"25":0,"26":2,"27":0,"28":0,"29":0,"30":0,"31":0,"32":0,"33":0,"34":0,"35":0,"36":2,"37":0,"38":0,"39":0,"40":0,"41":0,"42":0,"43":0,"44":0,"45":2},"f":{"0":0,"1":0,"2":0,"3":0,"4":0},"b":{"0":[0,0],"1":[0,0],"2":[0,0],"3":[0,0]},"_coverageSchema":"1a1c01bbd47fc00a2c39e90264f33305004495a9","hash":"5a05e6a2add4673f6778989eb6f97811db89540d"}
,"C:\\Users\\ASUS\\Documents\\Self_Development\\blog_slighty_techie\\controllers\\userController.js": {"path":"C:\\Users\\ASUS\\Documents\\Self_Development\\blog_slighty_techie\\controllers\\userController.js","statementMap":{"0":{"start":{"line":1,"column":13},"end":{"line":1,"column":38}},"1":{"start":{"line":2,"column":15},"end":{"line":2,"column":34}},"2":{"start":{"line":7,"column":4},"end":{"line":7,"column":32}},"3":{"start":{"line":8,"column":16},"end":{"line":8,"column":34}},"4":{"start":{"line":9,"column":15},"end":{"line":11,"column":2}},"5":{"start":{"line":14,"column":20},"end":{"line":39,"column":1}},"6":{"start":{"line":15,"column":17},"end":{"line":15,"column":27}},"7":{"start":{"line":16,"column":2},"end":{"line":38,"column":3}},"8":{"start":{"line":18,"column":23},"end":{"line":18,"column":53}},"9":{"start":{"line":20,"column":4},"end":{"line":31,"column":5}},"10":{"start":{"line":21,"column":6},"end":{"line":25,"column":9}},"11":{"start":{"line":27,"column":6},"end":{"line":30,"column":9}},"12":{"start":{"line":33,"column":4},"end":{"line":33,"column":24}},"13":{"start":{"line":34,"column":4},"end":{"line":37,"column":7}},"14":{"start":{"line":42,"column":20},"end":{"line":65,"column":1}},"15":{"start":{"line":43,"column":2},"end":{"line":64,"column":3}},"16":{"start":{"line":44,"column":18},"end":{"line":44,"column":42}},"17":{"start":{"line":46,"column":4},"end":{"line":51,"column":5}},"18":{"start":{"line":47,"column":6},"end":{"line":50,"column":9}},"19":{"start":{"line":53,"column":4},"end":{"line":57,"column":7}},"20":{"start":{"line":59,"column":4},"end":{"line":59,"column":24}},"21":{"start":{"line":60,"column":4},"end":{"line":63,"column":7}},"22":{"start":{"line":68,"column":19},"end":{"line":112,"column":1}},"23":{"start":{"line":69,"column":17},"end":{"line":69,"column":27}},"24":{"start":{"line":70,"column":41},"end":{"line":70,"column":49}},"25":{"start":{"line":71,"column":2},"end":{"line":111,"column":3}},"26":{"start":{"line":73,"column":23},"end":{"line":73,"column":53}},"27":{"start":{"line":74,"column":4},"end":{"line":104,"column":5}},"28":{"start":{"line":76,"column":27},"end":{"line":76,"column":63}},"29":{"start":{"line":77,"column":6},"end":{"line":82,"column":7}},"30":{"start":{"line":78,"column":8},"end":{"line":81,"column":11}},"31":{"start":{"line":85,"column":19},"end":{"line":93,"column":14}},"32":{"start":{"line":94,"column":6},"end":{"line":98,"column":9}},"33":{"start":{"line":100,"column":6},"end":{"line":103,"column":9}},"34":{"start":{"line":106,"column":4},"end":{"line":106,"column":24}},"35":{"start":{"line":107,"column":4},"end":{"line":110,"column":7}},"36":{"start":{"line":115,"column":22},"end":{"line":169,"column":1}},"37":{"start":{"line":116,"column":17},"end":{"line":116,"column":27}},"38":{"start":{"line":117,"column":41},"end":{"line":117,"column":49}},"39":{"start":{"line":118,"column":2},"end":{"line":168,"column":3}},"40":{"start":{"line":120,"column":23},"end":{"line":120,"column":57}},"41":{"start":{"line":121,"column":4},"end":{"line":160,"column":5}},"42":{"start":{"line":123,"column":20},"end":{"line":123,"column":43}},"43":{"start":{"line":124,"column":22},"end":{"line":124,"column":40}},"44":{"start":{"line":125,"column":6},"end":{"line":154,"column":7}},"45":{"start":{"line":127,"column":29},"end":{"line":127,"column":65}},"46":{"start":{"line":128,"column":8},"end":{"line":133,"column":9}},"47":{"start":{"line":129,"column":10},"end":{"line":132,"column":13}},"48":{"start":{"line":135,"column":21},"end":{"line":143,"column":16}},"49":{"start":{"line":144,"column":8},"end":{"line":148,"column":11}},"50":{"start":{"line":150,"column":8},"end":{"line":153,"column":11}},"51":{"start":{"line":156,"column":6},"end":{"line":159,"column":9}},"52":{"start":{"line":162,"column":4},"end":{"line":162,"column":23}},"53":{"start":{"line":163,"column":4},"end":{"line":163,"column":24}},"54":{"start":{"line":164,"column":4},"end":{"line":167,"column":7}},"55":{"start":{"line":172,"column":0},"end":{"line":177,"column":2}}},"fnMap":{"0":{"name":"(anonymous_0)","decl":{"start":{"line":14,"column":20},"end":{"line":14,"column":21}},"loc":{"start":{"line":14,"column":46},"end":{"line":39,"column":1}},"line":14},"1":{"name":"(anonymous_1)","decl":{"start":{"line":42,"column":20},"end":{"line":42,"column":21}},"loc":{"start":{"line":42,"column":46},"end":{"line":65,"column":1}},"line":42},"2":{"name":"(anonymous_2)","decl":{"start":{"line":68,"column":19},"end":{"line":68,"column":20}},"loc":{"start":{"line":68,"column":45},"end":{"line":112,"column":1}},"line":68},"3":{"name":"(anonymous_3)","decl":{"start":{"line":115,"column":22},"end":{"line":115,"column":23}},"loc":{"start":{"line":115,"column":48},"end":{"line":169,"column":1}},"line":115}},"branchMap":{"0":{"loc":{"start":{"line":20,"column":4},"end":{"line":31,"column":5}},"type":"if","locations":[{"start":{"line":20,"column":4},"end":{"line":31,"column":5}},{"start":{"line":26,"column":11},"end":{"line":31,"column":5}}],"line":20},"1":{"loc":{"start":{"line":46,"column":4},"end":{"line":51,"column":5}},"type":"if","locations":[{"start":{"line":46,"column":4},"end":{"line":51,"column":5}},{"start":{},"end":{}}],"line":46},"2":{"loc":{"start":{"line":74,"column":4},"end":{"line":104,"column":5}},"type":"if","locations":[{"start":{"line":74,"column":4},"end":{"line":104,"column":5}},{"start":{"line":99,"column":11},"end":{"line":104,"column":5}}],"line":74},"3":{"loc":{"start":{"line":77,"column":6},"end":{"line":82,"column":7}},"type":"if","locations":[{"start":{"line":77,"column":6},"end":{"line":82,"column":7}},{"start":{},"end":{}}],"line":77},"4":{"loc":{"start":{"line":121,"column":4},"end":{"line":160,"column":5}},"type":"if","locations":[{"start":{"line":121,"column":4},"end":{"line":160,"column":5}},{"start":{"line":155,"column":11},"end":{"line":160,"column":5}}],"line":121},"5":{"loc":{"start":{"line":125,"column":6},"end":{"line":154,"column":7}},"type":"if","locations":[{"start":{"line":125,"column":6},"end":{"line":154,"column":7}},{"start":{"line":149,"column":13},"end":{"line":154,"column":7}}],"line":125},"6":{"loc":{"start":{"line":128,"column":8},"end":{"line":133,"column":9}},"type":"if","locations":[{"start":{"line":128,"column":8},"end":{"line":133,"column":9}},{"start":{},"end":{}}],"line":128}},"s":{"0":2,"1":2,"2":2,"3":2,"4":2,"5":2,"6":0,"7":0,"8":0,"9":0,"10":0,"11":0,"12":0,"13":0,"14":2,"15":0,"16":0,"17":0,"18":0,"19":0,"20":0,"21":0,"22":2,"23":0,"24":0,"25":0,"26":0,"27":0,"28":0,"29":0,"30":0,"31":0,"32":0,"33":0,"34":0,"35":0,"36":2,"37":0,"38":0,"39":0,"40":0,"41":0,"42":0,"43":0,"44":0,"45":0,"46":0,"47":0,"48":0,"49":0,"50":0,"51":0,"52":0,"53":0,"54":0,"55":2},"f":{"0":0,"1":0,"2":0,"3":0},"b":{"0":[0,0],"1":[0,0],"2":[0,0],"3":[0,0],"4":[0,0],"5":[0,0],"6":[0,0]},"_coverageSchema":"1a1c01bbd47fc00a2c39e90264f33305004495a9","hash":"95ac3769239a6508c764e33d5a241b5247aa2e61"}
,"C:\\Users\\ASUS\\Documents\\Self_Development\\blog_slighty_techie\\middlewares\\authMiddleware.js": {"path":"C:\\Users\\ASUS\\Documents\\Self_Development\\blog_slighty_techie\\middlewares\\authMiddleware.js","statementMap":{"0":{"start":{"line":1,"column":44},"end":{"line":1,"column":72}},"1":{"start":{"line":4,"column":23},"end":{"line":29,"column":1}},"2":{"start":{"line":5,"column":2},"end":{"line":28,"column":3}},"3":{"start":{"line":6,"column":18},"end":{"line":6,"column":41}},"4":{"start":{"line":7,"column":4},"end":{"line":12,"column":5}},"5":{"start":{"line":8,"column":6},"end":{"line":11,"column":9}},"6":{"start":{"line":13,"column":20},"end":{"line":13,"column":38}},"7":{"start":{"line":14,"column":4},"end":{"line":19,"column":5}},"8":{"start":{"line":15,"column":6},"end":{"line":18,"column":9}},"9":{"start":{"line":20,"column":4},"end":{"line":20,"column":28}},"10":{"start":{"line":22,"column":4},"end":{"line":22,"column":11}},"11":{"start":{"line":24,"column":4},"end":{"line":27,"column":7}},"12":{"start":{"line":31,"column":0},"end":{"line":31,"column":32}}},"fnMap":{"0":{"name":"(anonymous_0)","decl":{"start":{"line":4,"column":23},"end":{"line":4,"column":24}},"loc":{"start":{"line":4,"column":49},"end":{"line":29,"column":1}},"line":4}},"branchMap":{"0":{"loc":{"start":{"line":7,"column":4},"end":{"line":12,"column":5}},"type":"if","locations":[{"start":{"line":7,"column":4},"end":{"line":12,"column":5}},{"start":{},"end":{}}],"line":7},"1":{"loc":{"start":{"line":14,"column":4},"end":{"line":19,"column":5}},"type":"if","locations":[{"start":{"line":14,"column":4},"end":{"line":19,"column":5}},{"start":{},"end":{}}],"line":14}},"s":{"0":2,"1":2,"2":2,"3":2,"4":2,"5":0,"6":2,"7":2,"8":2,"9":0,"10":0,"11":0,"12":2},"f":{"0":2},"b":{"0":[0,2],"1":[2,0]},"_coverageSchema":"1a1c01bbd47fc00a2c39e90264f33305004495a9","hash":"e27f755c1251b36f059ffbfeebbf47ce4c0dbec4"}
,"C:\\Users\\ASUS\\Documents\\Self_Development\\blog_slighty_techie\\middlewares\\globalErrorHandler.js": {"path":"C:\\Users\\ASUS\\Documents\\Self_Development\\blog_slighty_techie\\middlewares\\globalErrorHandler.js","statementMap":{"0":{"start":{"line":1,"column":27},"end":{"line":8,"column":1}},"1":{"start":{"line":2,"column":21},"end":{"line":2,"column":58}},"2":{"start":{"line":3,"column":18},"end":{"line":3,"column":56}},"3":{"start":{"line":4,"column":2},"end":{"line":7,"column":5}},"4":{"start":{"line":10,"column":0},"end":{"line":10,"column":36}}},"fnMap":{"0":{"name":"(anonymous_0)","decl":{"start":{"line":1,"column":27},"end":{"line":1,"column":28}},"loc":{"start":{"line":1,"column":52},"end":{"line":8,"column":1}},"line":1}},"branchMap":{"0":{"loc":{"start":{"line":2,"column":21},"end":{"line":2,"column":58}},"type":"cond-expr","locations":[{"start":{"line":2,"column":38},"end":{"line":2,"column":52}},{"start":{"line":2,"column":55},"end":{"line":2,"column":58}}],"line":2},"1":{"loc":{"start":{"line":3,"column":18},"end":{"line":3,"column":56}},"type":"binary-expr","locations":[{"start":{"line":3,"column":18},"end":{"line":3,"column":29}},{"start":{"line":3,"column":33},"end":{"line":3,"column":56}}],"line":3}},"s":{"0":2,"1":0,"2":0,"3":0,"4":2},"f":{"0":0},"b":{"0":[0,0],"1":[0,0]},"_coverageSchema":"1a1c01bbd47fc00a2c39e90264f33305004495a9","hash":"3561a3054a44ee8499546ed6077d143a19fadbb4"}
,"C:\\Users\\ASUS\\Documents\\Self_Development\\blog_slighty_techie\\middlewares\\isAuthorOfPost.js": {"path":"C:\\Users\\ASUS\\Documents\\Self_Development\\blog_slighty_techie\\middlewares\\isAuthorOfPost.js","statementMap":{"0":{"start":{"line":1,"column":44},"end":{"line":1,"column":72}},"1":{"start":{"line":2,"column":13},"end":{"line":2,"column":38}},"2":{"start":{"line":3,"column":23},"end":{"line":43,"column":1}},"3":{"start":{"line":4,"column":2},"end":{"line":42,"column":3}},"4":{"start":{"line":5,"column":18},"end":{"line":5,"column":41}},"5":{"start":{"line":6,"column":4},"end":{"line":11,"column":5}},"6":{"start":{"line":7,"column":6},"end":{"line":10,"column":9}},"7":{"start":{"line":12,"column":20},"end":{"line":12,"column":38}},"8":{"start":{"line":13,"column":4},"end":{"line":18,"column":5}},"9":{"start":{"line":14,"column":6},"end":{"line":17,"column":9}},"10":{"start":{"line":19,"column":19},"end":{"line":19,"column":29}},"11":{"start":{"line":20,"column":17},"end":{"line":20,"column":47}},"12":{"start":{"line":21,"column":4},"end":{"line":35,"column":5}},"13":{"start":{"line":22,"column":6},"end":{"line":29,"column":7}},"14":{"start":{"line":23,"column":8},"end":{"line":23,"column":15}},"15":{"start":{"line":25,"column":8},"end":{"line":28,"column":11}},"16":{"start":{"line":31,"column":6},"end":{"line":34,"column":9}},"17":{"start":{"line":37,"column":4},"end":{"line":37,"column":23}},"18":{"start":{"line":38,"column":4},"end":{"line":41,"column":7}},"19":{"start":{"line":45,"column":0},"end":{"line":45,"column":32}}},"fnMap":{"0":{"name":"(anonymous_0)","decl":{"start":{"line":3,"column":23},"end":{"line":3,"column":24}},"loc":{"start":{"line":3,"column":49},"end":{"line":43,"column":1}},"line":3}},"branchMap":{"0":{"loc":{"start":{"line":6,"column":4},"end":{"line":11,"column":5}},"type":"if","locations":[{"start":{"line":6,"column":4},"end":{"line":11,"column":5}},{"start":{},"end":{}}],"line":6},"1":{"loc":{"start":{"line":13,"column":4},"end":{"line":18,"column":5}},"type":"if","locations":[{"start":{"line":13,"column":4},"end":{"line":18,"column":5}},{"start":{},"end":{}}],"line":13},"2":{"loc":{"start":{"line":21,"column":4},"end":{"line":35,"column":5}},"type":"if","locations":[{"start":{"line":21,"column":4},"end":{"line":35,"column":5}},{"start":{"line":30,"column":11},"end":{"line":35,"column":5}}],"line":21},"3":{"loc":{"start":{"line":22,"column":6},"end":{"line":29,"column":7}},"type":"if","locations":[{"start":{"line":22,"column":6},"end":{"line":29,"column":7}},{"start":{"line":24,"column":13},"end":{"line":29,"column":7}}],"line":22}},"s":{"0":2,"1":2,"2":2,"3":0,"4":0,"5":0,"6":0,"7":0,"8":0,"9":0,"10":0,"11":0,"12":0,"13":0,"14":0,"15":0,"16":0,"17":0,"18":0,"19":2},"f":{"0":0},"b":{"0":[0,0],"1":[0,0],"2":[0,0],"3":[0,0]},"_coverageSchema":"1a1c01bbd47fc00a2c39e90264f33305004495a9","hash":"b2b6066273f16a0a3093fc9a4a5cb09825f77aa7"}
,"C:\\Users\\ASUS\\Documents\\Self_Development\\blog_slighty_techie\\middlewares\\validationMiddleware.js": {"path":"C:\\Users\\ASUS\\Documents\\Self_Development\\blog_slighty_techie\\middlewares\\validationMiddleware.js","statementMap":{"0":{"start":{"line":1,"column":35},"end":{"line":1,"column":63}},"1":{"start":{"line":3,"column":22},"end":{"line":20,"column":1}},"2":{"start":{"line":4,"column":2},"end":{"line":19,"column":4}},"3":{"start":{"line":7,"column":21},"end":{"line":7,"column":42}},"4":{"start":{"line":9,"column":6},"end":{"line":11,"column":7}},"5":{"start":{"line":10,"column":8},"end":{"line":10,"column":22}},"6":{"start":{"line":13,"column":6},"end":{"line":17,"column":9}},"7":{"start":{"line":22,"column":30},"end":{"line":29,"column":1}},"8":{"start":{"line":31,"column":32},"end":{"line":42,"column":1}},"9":{"start":{"line":44,"column":0},"end":{"line":48,"column":2}}},"fnMap":{"0":{"name":"(anonymous_0)","decl":{"start":{"line":3,"column":22},"end":{"line":3,"column":23}},"loc":{"start":{"line":3,"column":39},"end":{"line":20,"column":1}},"line":3},"1":{"name":"(anonymous_1)","decl":{"start":{"line":6,"column":4},"end":{"line":6,"column":5}},"loc":{"start":{"line":6,"column":24},"end":{"line":18,"column":5}},"line":6}},"branchMap":{"0":{"loc":{"start":{"line":9,"column":6},"end":{"line":11,"column":7}},"type":"if","locations":[{"start":{"line":9,"column":6},"end":{"line":11,"column":7}},{"start":{},"end":{}}],"line":9}},"s":{"0":2,"1":2,"2":4,"3":1,"4":1,"5":1,"6":0,"7":2,"8":2,"9":2},"f":{"0":4,"1":1},"b":{"0":[1,0]},"_coverageSchema":"1a1c01bbd47fc00a2c39e90264f33305004495a9","hash":"51dc4ac7e675340129cddce9f19885b7e85ee3ce"}
,"C:\\Users\\ASUS\\Documents\\Self_Development\\blog_slighty_techie\\models\\Post.js": {"path":"C:\\Users\\ASUS\\Documents\\Self_Development\\blog_slighty_techie\\models\\Post.js","statementMap":{"0":{"start":{"line":1,"column":17},"end":{"line":1,"column":36}},"1":{"start":{"line":3,"column":13},"end":{"line":3,"column":30}},"2":{"start":{"line":4,"column":19},"end":{"line":20,"column":1}},"3":{"start":{"line":22,"column":0},"end":{"line":22,"column":52}}},"fnMap":{},"branchMap":{},"s":{"0":2,"1":2,"2":2,"3":2},"f":{},"b":{},"_coverageSchema":"1a1c01bbd47fc00a2c39e90264f33305004495a9","hash":"7c7579bc13eff6afbfa58e68b1609f533991a660"}
,"C:\\Users\\ASUS\\Documents\\Self_Development\\blog_slighty_techie\\models\\User.js": {"path":"C:\\Users\\ASUS\\Documents\\Self_Development\\blog_slighty_techie\\models\\User.js","statementMap":{"0":{"start":{"line":1,"column":17},"end":{"line":1,"column":36}},"1":{"start":{"line":3,"column":12},"end":{"line":3,"column":26}},"2":{"start":{"line":5,"column":19},"end":{"line":32,"column":1}},"3":{"start":{"line":35,"column":0},"end":{"line":38,"column":3}},"4":{"start":{"line":36,"column":15},"end":{"line":36,"column":30}},"5":{"start":{"line":37,"column":2},"end":{"line":37,"column":59}},"6":{"start":{"line":41,"column":13},"end":{"line":41,"column":47}},"7":{"start":{"line":44,"column":0},"end":{"line":44,"column":22}}},"fnMap":{"0":{"name":"(anonymous_0)","decl":{"start":{"line":35,"column":35},"end":{"line":35,"column":36}},"loc":{"start":{"line":35,"column":47},"end":{"line":38,"column":1}},"line":35}},"branchMap":{},"s":{"0":2,"1":2,"2":2,"3":2,"4":0,"5":0,"6":2,"7":2},"f":{"0":0},"b":{},"_coverageSchema":"1a1c01bbd47fc00a2c39e90264f33305004495a9","hash":"8c9c15e793cf22e1b5ca00285e50c3288caf22c4"}
,"C:\\Users\\ASUS\\Documents\\Self_Development\\blog_slighty_techie\\routes\\authRoutes.js": {"path":"C:\\Users\\ASUS\\Documents\\Self_Development\\blog_slighty_techie\\routes\\authRoutes.js","statementMap":{"0":{"start":{"line":1,"column":16},"end":{"line":1,"column":34}},"1":{"start":{"line":2,"column":28},"end":{"line":2,"column":68}},"2":{"start":{"line":6,"column":4},"end":{"line":6,"column":50}},"3":{"start":{"line":7,"column":19},"end":{"line":7,"column":35}},"4":{"start":{"line":10,"column":0},"end":{"line":10,"column":79}},"5":{"start":{"line":13,"column":0},"end":{"line":13,"column":33}},"6":{"start":{"line":16,"column":0},"end":{"line":16,"column":28}}},"fnMap":{},"branchMap":{},"s":{"0":2,"1":2,"2":2,"3":2,"4":2,"5":2,"6":2},"f":{},"b":{},"_coverageSchema":"1a1c01bbd47fc00a2c39e90264f33305004495a9","hash":"bf923c0c5aea3223e1c197ae3cc31ca1733f2adf"}
,"C:\\Users\\ASUS\\Documents\\Self_Development\\blog_slighty_techie\\routes\\postRoutes.js": {"path":"C:\\Users\\ASUS\\Documents\\Self_Development\\blog_slighty_techie\\routes\\postRoutes.js","statementMap":{"0":{"start":{"line":1,"column":16},"end":{"line":1,"column":34}},"1":{"start":{"line":8,"column":4},"end":{"line":8,"column":44}},"2":{"start":{"line":9,"column":23},"end":{"line":9,"column":63}},"3":{"start":{"line":10,"column":23},"end":{"line":10,"column":63}},"4":{"start":{"line":14,"column":4},"end":{"line":14,"column":50}},"5":{"start":{"line":16,"column":19},"end":{"line":16,"column":35}},"6":{"start":{"line":19,"column":0},"end":{"line":19,"column":49}},"7":{"start":{"line":22,"column":0},"end":{"line":22,"column":68}},"8":{"start":{"line":25,"column":0},"end":{"line":30,"column":2}},"9":{"start":{"line":33,"column":0},"end":{"line":33,"column":74}},"10":{"start":{"line":36,"column":0},"end":{"line":36,"column":77}},"11":{"start":{"line":39,"column":0},"end":{"line":39,"column":28}}},"fnMap":{},"branchMap":{},"s":{"0":2,"1":2,"2":2,"3":2,"4":2,"5":2,"6":2,"7":2,"8":2,"9":2,"10":2,"11":2},"f":{},"b":{},"_coverageSchema":"1a1c01bbd47fc00a2c39e90264f33305004495a9","hash":"5d25de0a7f34fb54694522b0c11345f9f5193247"}
,"C:\\Users\\ASUS\\Documents\\Self_Development\\blog_slighty_techie\\routes\\userRoutes.js": {"path":"C:\\Users\\ASUS\\Documents\\Self_Development\\blog_slighty_techie\\routes\\userRoutes.js","statementMap":{"0":{"start":{"line":1,"column":16},"end":{"line":1,"column":34}},"1":{"start":{"line":2,"column":23},"end":{"line":2,"column":63}},"2":{"start":{"line":8,"column":4},"end":{"line":8,"column":44}},"3":{"start":{"line":10,"column":19},"end":{"line":10,"column":35}},"4":{"start":{"line":13,"column":0},"end":{"line":13,"column":52}},"5":{"start":{"line":16,"column":0},"end":{"line":16,"column":49}},"6":{"start":{"line":19,"column":0},"end":{"line":19,"column":58}},"7":{"start":{"line":22,"column":0},"end":{"line":22,"column":57}},"8":{"start":{"line":25,"column":0},"end":{"line":25,"column":28}}},"fnMap":{},"branchMap":{},"s":{"0":2,"1":2,"2":2,"3":2,"4":2,"5":2,"6":2,"7":2,"8":2},"f":{},"b":{},"_coverageSchema":"1a1c01bbd47fc00a2c39e90264f33305004495a9","hash":"b2e674a50fe64bb9588984d21e3cf051563b2023"}
,"C:\\Users\\ASUS\\Documents\\Self_Development\\blog_slighty_techie\\utils\\jwtUtils.js": {"path":"C:\\Users\\ASUS\\Documents\\Self_Development\\blog_slighty_techie\\utils\\jwtUtils.js","statementMap":{"0":{"start":{"line":1,"column":12},"end":{"line":1,"column":35}},"1":{"start":{"line":2,"column":0},"end":{"line":2,"column":27}},"2":{"start":{"line":4,"column":22},"end":{"line":8,"column":1}},"3":{"start":{"line":5,"column":2},"end":{"line":7,"column":5}},"4":{"start":{"line":10,"column":27},"end":{"line":16,"column":1}},"5":{"start":{"line":11,"column":24},"end":{"line":11,"column":49}},"6":{"start":{"line":12,"column":2},"end":{"line":14,"column":3}},"7":{"start":{"line":13,"column":4},"end":{"line":13,"column":39}},"8":{"start":{"line":15,"column":2},"end":{"line":15,"column":14}},"9":{"start":{"line":18,"column":20},"end":{"line":25,"column":1}},"10":{"start":{"line":19,"column":2},"end":{"line":24,"column":5}},"11":{"start":{"line":20,"column":4},"end":{"line":22,"column":5}},"12":{"start":{"line":21,"column":6},"end":{"line":21,"column":28}},"13":{"start":{"line":23,"column":4},"end":{"line":23,"column":19}},"14":{"start":{"line":27,"column":0},"end":{"line":27,"column":68}}},"fnMap":{"0":{"name":"(anonymous_0)","decl":{"start":{"line":4,"column":22},"end":{"line":4,"column":23}},"loc":{"start":{"line":4,"column":30},"end":{"line":8,"column":1}},"line":4},"1":{"name":"(anonymous_1)","decl":{"start":{"line":10,"column":27},"end":{"line":10,"column":28}},"loc":{"start":{"line":10,"column":36},"end":{"line":16,"column":1}},"line":10},"2":{"name":"(anonymous_2)","decl":{"start":{"line":18,"column":20},"end":{"line":18,"column":21}},"loc":{"start":{"line":18,"column":31},"end":{"line":25,"column":1}},"line":18},"3":{"name":"(anonymous_3)","decl":{"start":{"line":19,"column":51},"end":{"line":19,"column":52}},"loc":{"start":{"line":19,"column":69},"end":{"line":24,"column":3}},"line":19}},"branchMap":{"0":{"loc":{"start":{"line":12,"column":2},"end":{"line":14,"column":3}},"type":"if","locations":[{"start":{"line":12,"column":2},"end":{"line":14,"column":3}},{"start":{},"end":{}}],"line":12},"1":{"loc":{"start":{"line":12,"column":6},"end":{"line":12,"column":57}},"type":"binary-expr","locations":[{"start":{"line":12,"column":6},"end":{"line":12,"column":19}},{"start":{"line":12,"column":23},"end":{"line":12,"column":57}}],"line":12},"2":{"loc":{"start":{"line":20,"column":4},"end":{"line":22,"column":5}},"type":"if","locations":[{"start":{"line":20,"column":4},"end":{"line":22,"column":5}},{"start":{},"end":{}}],"line":20}},"s":{"0":2,"1":2,"2":2,"3":1,"4":2,"5":2,"6":2,"7":2,"8":0,"9":2,"10":2,"11":2,"12":2,"13":0,"14":2},"f":{"0":1,"1":2,"2":2,"3":2},"b":{"0":[2,0],"1":[2,2],"2":[2,0]},"_coverageSchema":"1a1c01bbd47fc00a2c39e90264f33305004495a9","hash":"e143ad3c416d3c024e25ec4f43e348b94cae966a"}
}
