TN:
SF:index.js
FN:22,(anonymous_0)
FN:38,(anonymous_1)
FNF:2
FNH:1
FNDA:1,(anonymous_0)
FNDA:0,(anonymous_1)
DA:2,1
DA:3,1
DA:4,1
DA:5,1
DA:8,1
DA:11,1
DA:14,1
DA:15,1
DA:16,1
DA:19,1
DA:22,1
DA:23,1
DA:27,1
DA:30,1
DA:31,1
DA:32,1
DA:35,1
DA:38,1
DA:39,0
DA:46,1
LF:20
LH:19
BRDA:8,0,0,1
BRDA:8,0,1,1
BRF:2
BRH:2
end_of_record
TN:
SF:config\db.js
FN:3,(anonymous_0)
FN:13,(anonymous_1)
FNF:2
FNH:2
FNDA:2,(anonymous_0)
FNDA:1,(anonymous_1)
DA:2,1
DA:3,1
DA:4,2
DA:5,2
DA:6,2
DA:8,0
DA:9,0
DA:13,1
DA:14,1
DA:17,1
LF:10
LH:8
BRF:0
BRH:0
end_of_record
TN:
SF:controllers\authController.js
FN:14,(anonymous_0)
FN:57,(anonymous_1)
FNF:2
FNH:2
FNDA:1,(anonymous_0)
FNDA:1,(anonymous_1)
DA:1,1
DA:2,1
DA:7,1
DA:8,1
DA:9,1
DA:14,1
DA:15,1
DA:16,1
DA:18,1
DA:19,1
DA:20,1
DA:21,0
DA:28,1
DA:29,1
DA:32,1
DA:40,1
DA:48,0
DA:49,0
DA:57,1
DA:58,1
DA:59,1
DA:61,1
DA:62,1
DA:64,1
DA:68,1
DA:70,1
DA:72,1
DA:81,0
DA:82,0
DA:88,0
DA:89,0
DA:95,0
DA:96,0
DA:104,1
LF:34
LH:25
BRDA:20,0,0,0
BRDA:20,0,1,1
BRDA:62,1,0,1
BRDA:62,1,1,0
BRDA:68,2,0,1
BRDA:68,2,1,0
BRF:6
BRH:3
end_of_record
TN:
SF:controllers\postController.js
FN:6,(anonymous_0)
FN:31,(anonymous_1)
FN:58,(anonymous_2)
FN:82,(anonymous_3)
FN:117,(anonymous_4)
FNF:5
FNH:0
FNDA:0,(anonymous_0)
FNDA:0,(anonymous_1)
FNDA:0,(anonymous_2)
FNDA:0,(anonymous_3)
FNDA:0,(anonymous_4)
DA:1,1
DA:2,1
DA:3,1
DA:6,1
DA:7,0
DA:8,0
DA:10,0
DA:11,0
DA:17,0
DA:23,0
DA:31,1
DA:32,0
DA:33,0
DA:35,0
DA:37,0
DA:38,0
DA:44,0
DA:50,0
DA:58,1
DA:59,0
DA:60,0
DA:61,0
DA:62,0
DA:67,0
DA:68,0
DA:74,0
DA:82,1
DA:83,0
DA:84,0
DA:85,0
DA:87,0
DA:88,0
DA:89,0
DA:97,0
DA:103,0
DA:109,0
DA:117,1
DA:118,0
DA:119,0
DA:121,0
DA:122,0
DA:123,0
DA:124,0
DA:129,0
DA:135,0
DA:142,1
LF:46
LH:9
BRDA:10,0,0,0
BRDA:10,0,1,0
BRDA:37,1,0,0
BRDA:37,1,1,0
BRDA:88,2,0,0
BRDA:88,2,1,0
BRDA:122,3,0,0
BRDA:122,3,1,0
BRF:8
BRH:0
end_of_record
TN:
SF:controllers\userController.js
FN:14,(anonymous_0)
FN:42,(anonymous_1)
FN:68,(anonymous_2)
FN:115,(anonymous_3)
FNF:4
FNH:0
FNDA:0,(anonymous_0)
FNDA:0,(anonymous_1)
FNDA:0,(anonymous_2)
FNDA:0,(anonymous_3)
DA:1,1
DA:2,1
DA:7,1
DA:8,1
DA:9,1
DA:14,1
DA:15,0
DA:16,0
DA:18,0
DA:20,0
DA:21,0
DA:27,0
DA:33,0
DA:34,0
DA:42,1
DA:43,0
DA:44,0
DA:46,0
DA:47,0
DA:53,0
DA:59,0
DA:60,0
DA:68,1
DA:69,0
DA:70,0
DA:71,0
DA:73,0
DA:74,0
DA:76,0
DA:77,0
DA:78,0
DA:85,0
DA:94,0
DA:100,0
DA:106,0
DA:107,0
DA:115,1
DA:116,0
DA:117,0
DA:118,0
DA:120,0
DA:121,0
DA:123,0
DA:124,0
DA:125,0
DA:127,0
DA:128,0
DA:129,0
DA:135,0
DA:144,0
DA:150,0
DA:156,0
DA:162,0
DA:163,0
DA:164,0
DA:172,1
LF:56
LH:10
BRDA:20,0,0,0
BRDA:20,0,1,0
BRDA:46,1,0,0
BRDA:46,1,1,0
BRDA:74,2,0,0
BRDA:74,2,1,0
BRDA:77,3,0,0
BRDA:77,3,1,0
BRDA:121,4,0,0
BRDA:121,4,1,0
BRDA:125,5,0,0
BRDA:125,5,1,0
BRDA:128,6,0,0
BRDA:128,6,1,0
BRF:14
BRH:0
end_of_record
TN:
SF:middlewares\authMiddleware.js
FN:4,(anonymous_0)
FNF:1
FNH:0
FNDA:0,(anonymous_0)
DA:1,1
DA:4,1
DA:5,0
DA:6,0
DA:7,0
DA:8,0
DA:13,0
DA:14,0
DA:15,0
DA:20,0
DA:22,0
DA:24,0
DA:31,1
LF:13
LH:3
BRDA:7,0,0,0
BRDA:7,0,1,0
BRDA:14,1,0,0
BRDA:14,1,1,0
BRF:4
BRH:0
end_of_record
TN:
SF:middlewares\globalErrorHandler.js
FN:1,(anonymous_0)
FNF:1
FNH:0
FNDA:0,(anonymous_0)
DA:1,1
DA:2,0
DA:3,0
DA:4,0
DA:10,1
LF:5
LH:2
BRDA:2,0,0,0
BRDA:2,0,1,0
BRDA:3,1,0,0
BRDA:3,1,1,0
BRF:4
BRH:0
end_of_record
TN:
SF:middlewares\isAuthorOfPost.js
FN:3,(anonymous_0)
FNF:1
FNH:0
FNDA:0,(anonymous_0)
DA:1,1
DA:2,1
DA:3,1
DA:4,0
DA:5,0
DA:6,0
DA:7,0
DA:12,0
DA:13,0
DA:14,0
DA:19,0
DA:20,0
DA:21,0
DA:22,0
DA:23,0
DA:25,0
DA:31,0
DA:37,0
DA:38,0
DA:45,1
LF:20
LH:4
BRDA:6,0,0,0
BRDA:6,0,1,0
BRDA:13,1,0,0
BRDA:13,1,1,0
BRDA:21,2,0,0
BRDA:21,2,1,0
BRDA:22,3,0,0
BRDA:22,3,1,0
BRF:8
BRH:0
end_of_record
TN:
SF:middlewares\validationMiddleware.js
FN:3,(anonymous_0)
FN:6,(anonymous_1)
FNF:2
FNH:2
FNDA:2,(anonymous_0)
FNDA:1,(anonymous_1)
DA:1,1
DA:3,1
DA:4,2
DA:7,1
DA:9,1
DA:10,1
DA:13,0
DA:22,1
DA:31,1
DA:44,1
LF:10
LH:9
BRDA:9,0,0,1
BRDA:9,0,1,0
BRF:2
BRH:1
end_of_record
TN:
SF:models\Post.js
FNF:0
FNH:0
DA:1,1
DA:3,1
DA:4,1
DA:22,1
LF:4
LH:4
BRF:0
BRH:0
end_of_record
TN:
SF:models\User.js
FN:35,(anonymous_0)
FNF:1
FNH:0
FNDA:0,(anonymous_0)
DA:1,1
DA:3,1
DA:5,1
DA:35,1
DA:36,0
DA:37,0
DA:41,1
DA:44,1
LF:8
LH:6
BRF:0
BRH:0
end_of_record
TN:
SF:routes\authRoutes.js
FNF:0
FNH:0
DA:1,1
DA:2,1
DA:6,1
DA:7,1
DA:10,1
DA:13,1
DA:16,1
LF:7
LH:7
BRF:0
BRH:0
end_of_record
TN:
SF:routes\postRoutes.js
FNF:0
FNH:0
DA:1,1
DA:8,1
DA:9,1
DA:10,1
DA:14,1
DA:16,1
DA:19,1
DA:22,1
DA:25,1
DA:33,1
DA:36,1
DA:39,1
LF:12
LH:12
BRF:0
BRH:0
end_of_record
TN:
SF:routes\userRoutes.js
FNF:0
FNH:0
DA:1,1
DA:2,1
DA:8,1
DA:10,1
DA:13,1
DA:16,1
DA:19,1
DA:22,1
DA:25,1
LF:9
LH:9
BRF:0
BRH:0
end_of_record
TN:
SF:utils\jwtUtils.js
FN:4,(anonymous_0)
FN:10,(anonymous_1)
FN:18,(anonymous_2)
FN:19,(anonymous_3)
FNF:4
FNH:1
FNDA:1,(anonymous_0)
FNDA:0,(anonymous_1)
FNDA:0,(anonymous_2)
FNDA:0,(anonymous_3)
DA:1,1
DA:2,1
DA:4,1
DA:5,1
DA:10,1
DA:11,0
DA:12,0
DA:13,0
DA:15,0
DA:18,1
DA:19,0
DA:20,0
DA:21,0
DA:23,0
DA:27,1
LF:15
LH:7
BRDA:12,0,0,0
BRDA:12,0,1,0
BRDA:12,1,0,0
BRDA:12,1,1,0
BRDA:20,2,0,0
BRDA:20,2,1,0
BRF:6
BRH:0
end_of_record
